[0m22:13:49.297327 [debug] [MainThread]: Sending event: {'category': 'dbt', 'action': 'invocation', 'label': 'start', 'context': [<snowplow_tracker.self_describing_json.SelfDescribingJson object at 0x1089cc950>, <snowplow_tracker.self_describing_json.SelfDescribingJson object at 0x109007440>, <snowplow_tracker.self_describing_json.SelfDescribingJson object at 0x109007170>]}


============================== 22:13:49.303986 | 6d5ea549-9138-4d49-8b3c-0841f4b0d11c ==============================
[0m22:13:49.303986 [info ] [MainThread]: Running with dbt=1.10.2
[0m22:13:49.304323 [debug] [MainThread]: running dbt with arguments {'printer_width': '80', 'indirect_selection': 'eager', 'log_cache_events': 'False', 'write_json': 'True', 'partial_parse': 'True', 'cache_selected_only': 'False', 'warn_error': 'None', 'debug': 'False', 'version_check': 'True', 'log_path': 'logs', 'profiles_dir': '/Users/oelghareeb/.dbt', 'fail_fast': 'False', 'use_colors': 'True', 'use_experimental_parser': 'False', 'empty': 'None', 'quiet': 'False', 'no_print': 'None', 'log_format': 'default', 'invocation_command': 'dbt init dbt_project', 'introspect': 'True', 'static_parser': 'True', 'target_path': 'None', 'warn_error_options': 'WarnErrorOptionsV2(error=[], warn=[], silence=[])', 'send_anonymous_usage_stats': 'True'}
[0m22:13:49.314055 [debug] [MainThread]: Starter project path: /Users/oelghareeb/course/venv/lib/python3.12/site-packages/dbt/include/starter_project
[0m22:13:49.317399 [info ] [MainThread]: 
Your new dbt project "dbt_project" was created!

For more information on how to configure the profiles.yml file,
please consult the dbt documentation here:

  https://docs.getdbt.com/docs/configure-your-profile

One more thing:

Need help? Don't hesitate to reach out to us via GitHub issues or on Slack:

  https://community.getdbt.com/

Happy modeling!

[0m22:13:49.317627 [info ] [MainThread]: Setting up your profile.
[0m22:16:06.035345 [info ] [MainThread]: Profile dbt_project written to /Users/oelghareeb/.dbt/profiles.yml using target's profile_template.yml and your supplied values. Run 'dbt debug' to validate the connection.
[0m22:16:06.431762 [debug] [MainThread]: Resource report: {"command_name": "init", "command_success": true, "command_wall_clock_time": 137.17374, "process_in_blocks": "0", "process_kernel_time": 0.202701, "process_mem_max_rss": "113688576", "process_out_blocks": "0", "process_user_time": 0.861536}
[0m22:16:06.435412 [debug] [MainThread]: Command `dbt init` succeeded at 22:16:06.435117 after 137.18 seconds
[0m22:16:06.436953 [debug] [MainThread]: Sending event: {'category': 'dbt', 'action': 'invocation', 'label': 'end', 'context': [<snowplow_tracker.self_describing_json.SelfDescribingJson object at 0x1089cfc80>, <snowplow_tracker.self_describing_json.SelfDescribingJson object at 0x10951e780>, <snowplow_tracker.self_describing_json.SelfDescribingJson object at 0x10998e7b0>]}
[0m22:16:06.443708 [debug] [MainThread]: Flushing usage events
[0m22:16:07.164292 [debug] [MainThread]: An error was encountered while trying to flush usage events
