[32m2025-06-23 23:58:25 +0300[0m - dagster - [34mDEBUG[0m - materialize_dbt_models - 23147962-b3cf-4b7a-916c-ede6f98dc208 - 31998 - LOGS_CAPTURED - Started capturing logs in process (pid: 31998).
[32m2025-06-23 23:58:25 +0300[0m - dagster - [34mDEBUG[0m - materialize_dbt_models - 23147962-b3cf-4b7a-916c-ede6f98dc208 - 31998 - dbt_project_dbt_assets - STEP_START - Started execution of step "dbt_project_dbt_assets".
[32m2025-06-23 23:58:26 +0300[0m - dagster - [34mINFO[0m - materialize_dbt_models - 23147962-b3cf-4b7a-916c-ede6f98dc208 - dbt_project_dbt_assets - A dbt subsetted execution is not being performed. Using the default dbt selection arguments `['--select', 'fqn:*']`.
[32m2025-06-23 23:58:26 +0300[0m - dagster - [34mINFO[0m - materialize_dbt_models - 23147962-b3cf-4b7a-916c-ede6f98dc208 - dbt_project_dbt_assets - Copying `/Users/oelghareeb/course/dbt_project/target/partial_parse.msgpack` to `/Users/oelghareeb/course/dbt_project/target/dbt_project_dbt_assets-2314796-17b30d2/partial_parse.msgpack` to take advantage of partial parsing.
[32m2025-06-23 23:58:26 +0300[0m - dagster - [34mINFO[0m - materialize_dbt_models - 23147962-b3cf-4b7a-916c-ede6f98dc208 - dbt_project_dbt_assets - Running dbt command: `dbt build --select fqn:*`.
[32m2025-06-23 23:58:41 +0300[0m - dagster - [34mDEBUG[0m - materialize_dbt_models - 23147962-b3cf-4b7a-916c-ede6f98dc208 - 31998 - dbt_project_dbt_assets - STEP_OUTPUT - Yielded output "seed_full_moon_dates" of type "Nothing". (Type check passed).
[32m2025-06-23 23:58:41 +0300[0m - dagster - [34mDEBUG[0m - materialize_dbt_models - 23147962-b3cf-4b7a-916c-ede6f98dc208 - 31998 - dbt_project_dbt_assets - ASSET_MATERIALIZATION - Materialized value seed_full_moon_dates.
[32m2025-06-23 23:58:47 +0300[0m - dagster - [34mDEBUG[0m - materialize_dbt_models - 23147962-b3cf-4b7a-916c-ede6f98dc208 - 31998 - dbt_project_dbt_assets - STEP_OUTPUT - Yielded output "scd_raw_hosts" of type "Nothing". (Type check passed).
[32m2025-06-23 23:58:47 +0300[0m - dagster - [34mDEBUG[0m - materialize_dbt_models - 23147962-b3cf-4b7a-916c-ede6f98dc208 - 31998 - dbt_project_dbt_assets - ASSET_MATERIALIZATION - Materialized value scd_raw_hosts.
[32m2025-06-23 23:58:48 +0300[0m - dagster - [34mDEBUG[0m - materialize_dbt_models - 23147962-b3cf-4b7a-916c-ede6f98dc208 - 31998 - dbt_project_dbt_assets - ASSET_OBSERVATION - DagsterEventType.ASSET_OBSERVATION for step dbt_project_dbt_assets
[32m2025-06-23 23:58:50 +0300[0m - dagster - [34mDEBUG[0m - materialize_dbt_models - 23147962-b3cf-4b7a-916c-ede6f98dc208 - 31998 - dbt_project_dbt_assets - ASSET_OBSERVATION - DagsterEventType.ASSET_OBSERVATION for step dbt_project_dbt_assets
[32m2025-06-23 23:58:52 +0300[0m - dagster - [34mDEBUG[0m - materialize_dbt_models - 23147962-b3cf-4b7a-916c-ede6f98dc208 - 31998 - dbt_project_dbt_assets - STEP_OUTPUT - Yielded output "dim_hosts_cleansed" of type "Nothing". (Type check passed).
[32m2025-06-23 23:58:52 +0300[0m - dagster - [34mDEBUG[0m - materialize_dbt_models - 23147962-b3cf-4b7a-916c-ede6f98dc208 - 31998 - dbt_project_dbt_assets - ASSET_MATERIALIZATION - Materialized value dim_hosts_cleansed.
[32m2025-06-23 23:58:56 +0300[0m - dagster - [34mDEBUG[0m - materialize_dbt_models - 23147962-b3cf-4b7a-916c-ede6f98dc208 - 31998 - dbt_project_dbt_assets - STEP_OUTPUT - Yielded output "fct_reviews" of type "Nothing". (Type check passed).
[32m2025-06-23 23:58:56 +0300[0m - dagster - [34mDEBUG[0m - materialize_dbt_models - 23147962-b3cf-4b7a-916c-ede6f98dc208 - 31998 - dbt_project_dbt_assets - ASSET_MATERIALIZATION - Materialized value fct_reviews.
[32m2025-06-23 23:59:01 +0300[0m - dagster - [34mDEBUG[0m - materialize_dbt_models - 23147962-b3cf-4b7a-916c-ede6f98dc208 - 31998 - dbt_project_dbt_assets - STEP_OUTPUT - Yielded output "scd_raw_listings" of type "Nothing". (Type check passed).
[32m2025-06-23 23:59:01 +0300[0m - dagster - [34mDEBUG[0m - materialize_dbt_models - 23147962-b3cf-4b7a-916c-ede6f98dc208 - 31998 - dbt_project_dbt_assets - ASSET_MATERIALIZATION - Materialized value scd_raw_listings.
[32m2025-06-23 23:59:02 +0300[0m - dagster - [34mDEBUG[0m - materialize_dbt_models - 23147962-b3cf-4b7a-916c-ede6f98dc208 - 31998 - dbt_project_dbt_assets - ASSET_OBSERVATION - DagsterEventType.ASSET_OBSERVATION for step dbt_project_dbt_assets
[32m2025-06-23 23:59:04 +0300[0m - dagster - [34mDEBUG[0m - materialize_dbt_models - 23147962-b3cf-4b7a-916c-ede6f98dc208 - 31998 - dbt_project_dbt_assets - ASSET_OBSERVATION - DagsterEventType.ASSET_OBSERVATION for step dbt_project_dbt_assets
[32m2025-06-23 23:59:06 +0300[0m - dagster - [34mDEBUG[0m - materialize_dbt_models - 23147962-b3cf-4b7a-916c-ede6f98dc208 - 31998 - dbt_project_dbt_assets - ASSET_OBSERVATION - DagsterEventType.ASSET_OBSERVATION for step dbt_project_dbt_assets
[32m2025-06-23 23:59:07 +0300[0m - dagster - [34mDEBUG[0m - materialize_dbt_models - 23147962-b3cf-4b7a-916c-ede6f98dc208 - 31998 - dbt_project_dbt_assets - ASSET_OBSERVATION - DagsterEventType.ASSET_OBSERVATION for step dbt_project_dbt_assets
[32m2025-06-23 23:59:09 +0300[0m - dagster - [34mDEBUG[0m - materialize_dbt_models - 23147962-b3cf-4b7a-916c-ede6f98dc208 - 31998 - dbt_project_dbt_assets - ASSET_OBSERVATION - DagsterEventType.ASSET_OBSERVATION for step dbt_project_dbt_assets
[32m2025-06-23 23:59:10 +0300[0m - dagster - [34mDEBUG[0m - materialize_dbt_models - 23147962-b3cf-4b7a-916c-ede6f98dc208 - 31998 - dbt_project_dbt_assets - ASSET_OBSERVATION - DagsterEventType.ASSET_OBSERVATION for step dbt_project_dbt_assets
[32m2025-06-23 23:59:12 +0300[0m - dagster - [34mDEBUG[0m - materialize_dbt_models - 23147962-b3cf-4b7a-916c-ede6f98dc208 - 31998 - dbt_project_dbt_assets - STEP_OUTPUT - Yielded output "dim_listings_cleansed" of type "Nothing". (Type check passed).
[32m2025-06-23 23:59:12 +0300[0m - dagster - [34mDEBUG[0m - materialize_dbt_models - 23147962-b3cf-4b7a-916c-ede6f98dc208 - 31998 - dbt_project_dbt_assets - ASSET_MATERIALIZATION - Materialized value dim_listings_cleansed.
[32m2025-06-23 23:59:16 +0300[0m - dagster - [34mDEBUG[0m - materialize_dbt_models - 23147962-b3cf-4b7a-916c-ede6f98dc208 - 31998 - dbt_project_dbt_assets - STEP_OUTPUT - Yielded output "mart_fullmoon_reviews" of type "Nothing". (Type check passed).
[32m2025-06-23 23:59:16 +0300[0m - dagster - [34mDEBUG[0m - materialize_dbt_models - 23147962-b3cf-4b7a-916c-ede6f98dc208 - 31998 - dbt_project_dbt_assets - ASSET_MATERIALIZATION - Materialized value mart_fullmoon_reviews.
[32m2025-06-23 23:59:17 +0300[0m - dagster - [34mDEBUG[0m - materialize_dbt_models - 23147962-b3cf-4b7a-916c-ede6f98dc208 - 31998 - dbt_project_dbt_assets - ASSET_OBSERVATION - DagsterEventType.ASSET_OBSERVATION for step dbt_project_dbt_assets
[32m2025-06-23 23:59:18 +0300[0m - dagster - [34mDEBUG[0m - materialize_dbt_models - 23147962-b3cf-4b7a-916c-ede6f98dc208 - 31998 - dbt_project_dbt_assets - ASSET_OBSERVATION - DagsterEventType.ASSET_OBSERVATION for step dbt_project_dbt_assets
[32m2025-06-23 23:59:18 +0300[0m - dagster - [34mDEBUG[0m - materialize_dbt_models - 23147962-b3cf-4b7a-916c-ede6f98dc208 - 31998 - dbt_project_dbt_assets - ASSET_OBSERVATION - DagsterEventType.ASSET_OBSERVATION for step dbt_project_dbt_assets
[32m2025-06-23 23:59:20 +0300[0m - dagster - [34mDEBUG[0m - materialize_dbt_models - 23147962-b3cf-4b7a-916c-ede6f98dc208 - 31998 - dbt_project_dbt_assets - ASSET_OBSERVATION - DagsterEventType.ASSET_OBSERVATION for step dbt_project_dbt_assets
[32m2025-06-23 23:59:21 +0300[0m - dagster - [34mDEBUG[0m - materialize_dbt_models - 23147962-b3cf-4b7a-916c-ede6f98dc208 - 31998 - dbt_project_dbt_assets - ASSET_OBSERVATION - DagsterEventType.ASSET_OBSERVATION for step dbt_project_dbt_assets
[32m2025-06-23 23:59:22 +0300[0m - dagster - [34mDEBUG[0m - materialize_dbt_models - 23147962-b3cf-4b7a-916c-ede6f98dc208 - 31998 - dbt_project_dbt_assets - ASSET_OBSERVATION - DagsterEventType.ASSET_OBSERVATION for step dbt_project_dbt_assets
[32m2025-06-23 23:59:23 +0300[0m - dagster - [34mDEBUG[0m - materialize_dbt_models - 23147962-b3cf-4b7a-916c-ede6f98dc208 - 31998 - dbt_project_dbt_assets - ASSET_OBSERVATION - DagsterEventType.ASSET_OBSERVATION for step dbt_project_dbt_assets
[32m2025-06-23 23:59:25 +0300[0m - dagster - [34mDEBUG[0m - materialize_dbt_models - 23147962-b3cf-4b7a-916c-ede6f98dc208 - 31998 - dbt_project_dbt_assets - ASSET_OBSERVATION - DagsterEventType.ASSET_OBSERVATION for step dbt_project_dbt_assets
[32m2025-06-23 23:59:25 +0300[0m - dagster - [34mDEBUG[0m - materialize_dbt_models - 23147962-b3cf-4b7a-916c-ede6f98dc208 - 31998 - dbt_project_dbt_assets - ASSET_OBSERVATION - DagsterEventType.ASSET_OBSERVATION for step dbt_project_dbt_assets
[32m2025-06-23 23:59:27 +0300[0m - dagster - [34mDEBUG[0m - materialize_dbt_models - 23147962-b3cf-4b7a-916c-ede6f98dc208 - 31998 - dbt_project_dbt_assets - ASSET_OBSERVATION - DagsterEventType.ASSET_OBSERVATION for step dbt_project_dbt_assets
[32m2025-06-23 23:59:27 +0300[0m - dagster - [34mDEBUG[0m - materialize_dbt_models - 23147962-b3cf-4b7a-916c-ede6f98dc208 - 31998 - dbt_project_dbt_assets - ASSET_OBSERVATION - DagsterEventType.ASSET_OBSERVATION for step dbt_project_dbt_assets
[32m2025-06-23 23:59:29 +0300[0m - dagster - [34mDEBUG[0m - materialize_dbt_models - 23147962-b3cf-4b7a-916c-ede6f98dc208 - 31998 - dbt_project_dbt_assets - ASSET_OBSERVATION - DagsterEventType.ASSET_OBSERVATION for step dbt_project_dbt_assets
[32m2025-06-23 23:59:31 +0300[0m - dagster - [34mDEBUG[0m - materialize_dbt_models - 23147962-b3cf-4b7a-916c-ede6f98dc208 - 31998 - dbt_project_dbt_assets - STEP_OUTPUT - Yielded output "dim_listings_w_hosts" of type "Nothing". (Type check passed).
[32m2025-06-23 23:59:31 +0300[0m - dagster - [34mDEBUG[0m - materialize_dbt_models - 23147962-b3cf-4b7a-916c-ede6f98dc208 - 31998 - dbt_project_dbt_assets - ASSET_MATERIALIZATION - Materialized value dim_listings_w_hosts.
[32m2025-06-23 23:59:32 +0300[0m - dagster - [34mDEBUG[0m - materialize_dbt_models - 23147962-b3cf-4b7a-916c-ede6f98dc208 - 31998 - dbt_project_dbt_assets - ASSET_OBSERVATION - DagsterEventType.ASSET_OBSERVATION for step dbt_project_dbt_assets
[32m2025-06-23 23:59:34 +0300[0m - dagster - [34mDEBUG[0m - materialize_dbt_models - 23147962-b3cf-4b7a-916c-ede6f98dc208 - 31998 - dbt_project_dbt_assets - ASSET_OBSERVATION - DagsterEventType.ASSET_OBSERVATION for step dbt_project_dbt_assets
[32m2025-06-23 23:59:36 +0300[0m - dagster - [34mDEBUG[0m - materialize_dbt_models - 23147962-b3cf-4b7a-916c-ede6f98dc208 - 31998 - dbt_project_dbt_assets - ASSET_OBSERVATION - DagsterEventType.ASSET_OBSERVATION for step dbt_project_dbt_assets
[32m2025-06-23 23:59:37 +0300[0m - dagster - [34mDEBUG[0m - materialize_dbt_models - 23147962-b3cf-4b7a-916c-ede6f98dc208 - 31998 - dbt_project_dbt_assets - ASSET_OBSERVATION - DagsterEventType.ASSET_OBSERVATION for step dbt_project_dbt_assets
[32m2025-06-23 23:59:37 +0300[0m - dagster - [34mDEBUG[0m - materialize_dbt_models - 23147962-b3cf-4b7a-916c-ede6f98dc208 - 31998 - dbt_project_dbt_assets - ASSET_OBSERVATION - DagsterEventType.ASSET_OBSERVATION for step dbt_project_dbt_assets
[32m2025-06-23 23:59:38 +0300[0m - dagster - [34mDEBUG[0m - materialize_dbt_models - 23147962-b3cf-4b7a-916c-ede6f98dc208 - 31998 - dbt_project_dbt_assets - STEP_SUCCESS - Finished execution of step "dbt_project_dbt_assets" in 1m12s.
