Running with dbt=1.7.19
Registered adapter: snowflake=1.7.1
Found 8 models, 2 snapshots, 1 analysis, 21 tests, 1 seed, 3 sources, 1 exposure, 0 metrics, 840 macros, 0 groups, 0 semantic models

Concurrency: 1 threads (target='dev')

1 of 29 START seed file DEV.seed_full_moon_dates ............................... [RUN]
1 of 29 OK loaded seed file DEV.seed_full_moon_dates ........................... [[32mINSERT 272[0m in 7.73s]
2 of 29 START snapshot dev.scd_raw_hosts ....................................... [RUN]
2 of 29 OK snapshotted dev.scd_raw_hosts ....................................... [[32mSUCCESS 0[0m in 5.61s]
3 of 29 START test dbt_expectations_source_expect_column_distinct_count_to_equal_airbnb_listings_room_type__4  [RUN]
3 of 29 PASS dbt_expectations_source_expect_column_distinct_count_to_equal_airbnb_listings_room_type__4  [[32mPASS[0m in 1.51s]
4 of 29 START test dbt_expectations_source_expect_column_values_to_match_regex_airbnb_listings_price___0_9_0_9_  [RUN]
4 of 29 PASS dbt_expectations_source_expect_column_values_to_match_regex_airbnb_listings_price___0_9_0_9_  [[32mPASS[0m in 1.52s]
5 of 29 START sql view model DEV.dim_hosts_cleansed ............................ [RUN]
5 of 29 OK created sql view model DEV.dim_hosts_cleansed ....................... [[32mSUCCESS 1[0m in 1.75s]
6 of 29 START sql incremental model DEV.fct_reviews ............................ [RUN]
Loading AIRBNB.DEV.fct_reviews incrementally (all missing dates)
6 of 29 OK created sql incremental model DEV.fct_reviews ....................... [[32mSUCCESS 0[0m in 4.22s]
7 of 29 START snapshot dev.scd_raw_listings .................................... [RUN]
7 of 29 OK snapshotted dev.scd_raw_listings .................................... [[32mSUCCESS 0[0m in 4.90s]
8 of 29 START test accepted_values_dim_hosts_cleansed_is_superhost__t__f ....... [RUN]
8 of 29 PASS accepted_values_dim_hosts_cleansed_is_superhost__t__f ............. [[32mPASS[0m in 1.46s]
9 of 29 START test not_null_dim_hosts_cleansed_host_id ......................... [RUN]
9 of 29 PASS not_null_dim_hosts_cleansed_host_id ............................... [[32mPASS[0m in 1.26s]
10 of 29 START test not_null_dim_hosts_cleansed_host_name ...................... [RUN]
10 of 29 PASS not_null_dim_hosts_cleansed_host_name ............................ [[32mPASS[0m in 1.97s]
11 of 29 START test unique_dim_hosts_cleansed_host_id .......................... [RUN]
11 of 29 PASS unique_dim_hosts_cleansed_host_id ................................ [[32mPASS[0m in 1.50s]
12 of 29 START test accepted_values_fct_reviews_review_sentiment__positive__neutral__negative  [RUN]
12 of 29 PASS accepted_values_fct_reviews_review_sentiment__positive__neutral__negative  [[32mPASS[0m in 1.52s]
13 of 29 START test not_null_fct_reviews_reviewer_name ......................... [RUN]
13 of 29 PASS not_null_fct_reviews_reviewer_name ............................... [[32mPASS[0m in 1.29s]
14 of 29 START sql view model DEV.dim_listings_cleansed ........................ [RUN]
14 of 29 OK created sql view model DEV.dim_listings_cleansed ................... [[32mSUCCESS 1[0m in 1.78s]
15 of 29 START sql table model DEV.mart_fullmoon_reviews ....................... [RUN]
15 of 29 OK created sql table model DEV.mart_fullmoon_reviews .................. [[32mSUCCESS 1[0m in 3.66s]
16 of 29 START test accepted_values_dim_listings_cleansed_room_type__Entire_home_apt__Private_room__Shared_room__Hotel_room  [RUN]
16 of 29 PASS accepted_values_dim_listings_cleansed_room_type__Entire_home_apt__Private_room__Shared_room__Hotel_room  [[32mPASS[0m in 1.48s]
17 of 29 START test consistent_created_at ...................................... [RUN]
17 of 29 PASS consistent_created_at ............................................ [[32mPASS[0m in 1.31s]
18 of 29 START test dim_listings_minumum_nights ................................ [RUN]
18 of 29 PASS dim_listings_minumum_nights ...................................... [[32mPASS[0m in 1.36s]
19 of 29 START test not_null_dim_listings_cleansed_host_id ..................... [RUN]
19 of 29 PASS not_null_dim_listings_cleansed_host_id ........................... [[32mPASS[0m in 1.24s]
20 of 29 START test not_null_dim_listings_cleansed_listing_id .................. [RUN]
20 of 29 PASS not_null_dim_listings_cleansed_listing_id ........................ [[32mPASS[0m in 1.30s]
21 of 29 START test positive_value_dim_listings_cleansed_minimum_nights ........ [RUN]
21 of 29 PASS positive_value_dim_listings_cleansed_minimum_nights .............. [[32mPASS[0m in 1.28s]
22 of 29 START test relationships_dim_listings_cleansed_host_id__host_id__ref_dim_hosts_cleansed_  [RUN]
22 of 29 PASS relationships_dim_listings_cleansed_host_id__host_id__ref_dim_hosts_cleansed_  [[32mPASS[0m in 1.33s]
23 of 29 START test relationships_fct_reviews_listing_id__listing_id__ref_dim_listings_cleansed_  [RUN]
23 of 29 PASS relationships_fct_reviews_listing_id__listing_id__ref_dim_listings_cleansed_  [[32mPASS[0m in 2.31s]
24 of 29 START test unique_dim_listings_cleansed_listing_id .................... [RUN]
24 of 29 PASS unique_dim_listings_cleansed_listing_id .......................... [[32mPASS[0m in 1.51s]
25 of 29 START sql table model DEV.dim_listings_w_hosts ........................ [RUN]
25 of 29 OK created sql table model DEV.dim_listings_w_hosts ................... [[32mSUCCESS 1[0m in 2.48s]
26 of 29 START test dbt_expectations_expect_column_max_to_be_between_dim_listings_w_hosts_price__5000  [RUN]
26 of 29 WARN 1 dbt_expectations_expect_column_max_to_be_between_dim_listings_w_hosts_price__5000  [[33mWARN 1[0m in 1.33s]
27 of 29 START test dbt_expectations_expect_column_quantile_values_to_be_between_dim_listings_w_hosts_price__500__50__0_99  [RUN]
27 of 29 PASS dbt_expectations_expect_column_quantile_values_to_be_between_dim_listings_w_hosts_price__500__50__0_99  [[32mPASS[0m in 1.71s]
28 of 29 START test dbt_expectations_expect_column_values_to_be_of_type_dim_listings_w_hosts_price__number  [RUN]
28 of 29 PASS dbt_expectations_expect_column_values_to_be_of_type_dim_listings_w_hosts_price__number  [[32mPASS[0m in 1.93s]
29 of 29 START test dbt_expectations_expect_table_row_count_to_equal_other_table_dim_listings_w_hosts_source_airbnb_listings_  [RUN]
29 of 29 PASS dbt_expectations_expect_table_row_count_to_equal_other_table_dim_listings_w_hosts_source_airbnb_listings_  [[32mPASS[0m in 1.27s]

Finished running 1 seed, 2 snapshots, 21 tests, 2 view models, 1 incremental model, 2 table models in 0 hours 1 minutes and 9.78 seconds (69.78s).

[33mCompleted with 1 warning:[0m

[33mWarning in test dbt_expectations_expect_column_max_to_be_between_dim_listings_w_hosts_price__5000 (models/schema.yml)[0m
Got 1 result, configured to warn if != 0

  compiled Code at target/dbt_project_dbt_assets-2314796-17b30d2/compiled/dbt_project/models/schema.yml/dbt_expectations_expect_column_c59e300e0dddb335c4211147100ac1c6.sql

Done. PASS=28 WARN=1 ERROR=0 SKIP=0 TOTAL=29
